
Dropout is --- 30

Random number for lr_decay --- 43

Setting alpha and beta to --- 12, 88
Activation num: 3

sqr_norm_lim --- 9
Starting job with batch size: 50, dropout: 30, conv_non_linear: relu lr_decay: 43 in mode: 255 on GPU: 1
Starting Model 3 with MODE 255
Your job 3126 ("job4.sh") has been submitted

Dropout is --- 11

Random number for lr_decay --- 20

Setting alpha and beta to --- 36, 64
Activation num: 3

sqr_norm_lim --- 8
Starting job with batch size: 50, dropout: 11, conv_non_linear: relu lr_decay: 20 in mode: 255 on GPU: 2
Starting Model 3 with MODE 255
Your job 3127 ("job4.sh") has been submitted

Dropout is --- 19

Random number for lr_decay --- 90

Setting alpha and beta to --- 27, 73
Activation num: 2

sqr_norm_lim --- 8
Starting job with batch size: 50, dropout: 19, conv_non_linear: relu lr_decay: 90 in mode: 255 on GPU: 0
Starting Model 3 with MODE 255
Your job 3128 ("job4.sh") has been submitted

Dropout is --- 35

Random number for lr_decay --- 66

Setting alpha and beta to --- 15, 85
Activation num: 2

sqr_norm_lim --- 9
Starting job with batch size: 50, dropout: 35, conv_non_linear: relu lr_decay: 66 in mode: 255 on GPU: 1
Starting Model 3 with MODE 255
Your job 3129 ("job4.sh") has been submitted

Dropout is --- 19

Random number for lr_decay --- 70

Setting alpha and beta to --- 19, 81
Activation num: 2

sqr_norm_lim --- 8
Starting job with batch size: 50, dropout: 19, conv_non_linear: relu lr_decay: 70 in mode: 255 on GPU: 2
Starting Model 3 with MODE 255
Your job 3130 ("job4.sh") has been submitted

Dropout is --- 17

Random number for lr_decay --- 24

Setting alpha and beta to --- 15, 85
Activation num: 4

sqr_norm_lim --- 9
Starting job with batch size: 50, dropout: 17, conv_non_linear: relu lr_decay: 24 in mode: 255 on GPU: 0
Starting Model 3 with MODE 255
Your job 3131 ("job4.sh") has been submitted

Dropout is --- 22

Random number for lr_decay --- 23

Setting alpha and beta to --- 40, 60
Activation num: 1

sqr_norm_lim --- 8
Starting job with batch size: 50, dropout: 22, conv_non_linear: relu lr_decay: 23 in mode: 255 on GPU: 1
Starting Model 3 with MODE 255
Your job 3132 ("job4.sh") has been submitted
