0.95

Dropout is --- 21

Random number for lr_decay --- 35

Setting alpha and beta to --- 36, 64
Activation num: 3

sqr_norm_lim --- 9
Starting job with batch size: 50, dropout: 21, conv_non_linear: relu lr_decay: 35 in mode: add on GPU: 1
Starting Model 3 with MODE add
Your job 3180 ("job4.sh") has been submitted

Dropout is --- 29

Random number for lr_decay --- 93

Setting alpha and beta to --- 40, 60
Activation num: 2

sqr_norm_lim --- 9
Starting job with batch size: 50, dropout: 29, conv_non_linear: relu lr_decay: 93 in mode: add on GPU: 2
Starting Model 3 with MODE add
Your job 3181 ("job4.sh") has been submitted

Dropout is --- 18

Random number for lr_decay --- 79

Setting alpha and beta to --- 13, 87
Activation num: 4

sqr_norm_lim --- 8
Starting job with batch size: 50, dropout: 18, conv_non_linear: relu lr_decay: 79 in mode: mul on GPU: 0
Starting Model 3 with MODE mul
Your job 3182 ("job4.sh") has been submitted

Dropout is --- 26

Random number for lr_decay --- 31

Setting alpha and beta to --- 39, 61
Activation num: 3

sqr_norm_lim --- 8
Starting job with batch size: 50, dropout: 26, conv_non_linear: relu lr_decay: 31 in mode: mul on GPU: 1
Starting Model 3 with MODE mul
Your job 3183 ("job4.sh") has been submitted

Dropout is --- 18

Random number for lr_decay --- 79

Setting alpha and beta to --- 15, 85
Activation num: 1

sqr_norm_lim --- 8
Starting job with batch size: 50, dropout: 18, conv_non_linear: relu lr_decay: 79 in mode: mul on GPU: 2
Starting Model 3 with MODE mul
Your job 3184 ("job4.sh") has been submitted

Dropout is --- 53

Random number for lr_decay --- 86

Setting alpha and beta to --- 14, 86
Activation num: 4

sqr_norm_lim --- 9
Starting job with batch size: 50, dropout: 53, conv_non_linear: relu lr_decay: 86 in mode: mul on GPU: 0
Starting Model 3 with MODE mul
Your job 3185 ("job4.sh") has been submitted

Dropout is --- 61

Random number for lr_decay --- 22

Setting alpha and beta to --- 25, 75
Activation num: 4

sqr_norm_lim --- 9
Starting job with batch size: 50, dropout: 61, conv_non_linear: relu lr_decay: 22 in mode: mul on GPU: 1
Starting Model 3 with MODE mul
Your job 3186 ("job4.sh") has been submitted
