0.95

Dropout is --- 38

Random number for lr_decay --- 93

Setting alpha and beta to --- 37, 63
Activation num: 2

sqr_norm_lim --- 8
Starting job with batch size: 50, dropout: 38, conv_non_linear: relu lr_decay: 93 in mode: mul on GPU: 1
Starting Model 3 with MODE mul
Your job 3238 ("job4.sh") has been submitted

Dropout is --- 64

Random number for lr_decay --- 90

Setting alpha and beta to --- 41, 59
Activation num: 4

sqr_norm_lim --- 9
Starting job with batch size: 50, dropout: 64, conv_non_linear: relu lr_decay: 90 in mode: mul on GPU: 2
Starting Model 3 with MODE mul
Your job 3239 ("job4.sh") has been submitted

Dropout is --- 28

Random number for lr_decay --- 94

Setting alpha and beta to --- 14, 86
Activation num: 1

sqr_norm_lim --- 8
Starting job with batch size: 50, dropout: 28, conv_non_linear: relu lr_decay: 94 in mode: mul on GPU: 0
Starting Model 3 with MODE mul
Your job 3240 ("job4.sh") has been submitted

Dropout is --- 12

Random number for lr_decay --- 93

Setting alpha and beta to --- 43, 57
Activation num: 4

sqr_norm_lim --- 9
Starting job with batch size: 50, dropout: 12, conv_non_linear: relu lr_decay: 93 in mode: mul on GPU: 1
Starting Model 3 with MODE mul
Your job 3241 ("job4.sh") has been submitted

Dropout is --- 58

Random number for lr_decay --- 92

Setting alpha and beta to --- 34, 66
Activation num: 3

sqr_norm_lim --- 8
Starting job with batch size: 50, dropout: 58, conv_non_linear: relu lr_decay: 92 in mode: mul on GPU: 2
Starting Model 3 with MODE mul
Your job 3242 ("job4.sh") has been submitted

Dropout is --- 56

Random number for lr_decay --- 90

Setting alpha and beta to --- 12, 88
Activation num: 1

sqr_norm_lim --- 8
Starting job with batch size: 50, dropout: 56, conv_non_linear: relu lr_decay: 90 in mode: mul on GPU: 0
Starting Model 3 with MODE mul
Your job 3243 ("job4.sh") has been submitted

Dropout is --- 52

Random number for lr_decay --- 88

Setting alpha and beta to --- 28, 72
Activation num: 1

sqr_norm_lim --- 8
Starting job with batch size: 50, dropout: 52, conv_non_linear: relu lr_decay: 88 in mode: mul on GPU: 1
Starting Model 3 with MODE mul
Your job 3244 ("job4.sh") has been submitted
