0.95

Dropout is --- 22

Random number for lr_decay --- 88

Setting alpha and beta to --- 29, 71
Activation num: 4

sqr_norm_lim --- 8
Starting job with batch size: 50, dropout: 22, conv_non_linear: relu lr_decay: 88 in mode: mul on GPU: 1
Starting Model 3 with MODE mul
Your job 3245 ("job4.sh") has been submitted

Dropout is --- 41

Random number for lr_decay --- 88

Setting alpha and beta to --- 36, 64
Activation num: 4

sqr_norm_lim --- 8
Starting job with batch size: 50, dropout: 41, conv_non_linear: relu lr_decay: 88 in mode: mul on GPU: 2
Starting Model 3 with MODE mul
Your job 3246 ("job4.sh") has been submitted

Dropout is --- 16

Random number for lr_decay --- 93

Setting alpha and beta to --- 40, 60
Activation num: 3

sqr_norm_lim --- 9
Starting job with batch size: 50, dropout: 16, conv_non_linear: relu lr_decay: 93 in mode: mul on GPU: 0
Starting Model 3 with MODE mul
Your job 3247 ("job4.sh") has been submitted

Dropout is --- 43

Random number for lr_decay --- 91

Setting alpha and beta to --- 25, 75
Activation num: 1

sqr_norm_lim --- 8
Starting job with batch size: 50, dropout: 43, conv_non_linear: relu lr_decay: 91 in mode: mul on GPU: 1
Starting Model 3 with MODE mul
Your job 3248 ("job4.sh") has been submitted

Dropout is --- 26

Random number for lr_decay --- 95

Setting alpha and beta to --- 44, 56
Activation num: 1

sqr_norm_lim --- 8
Starting job with batch size: 50, dropout: 26, conv_non_linear: relu lr_decay: 95 in mode: mul on GPU: 2
Starting Model 3 with MODE mul
Your job 3249 ("job4.sh") has been submitted

Dropout is --- 50

Random number for lr_decay --- 88

Setting alpha and beta to --- 27, 73
Activation num: 4

sqr_norm_lim --- 8
Starting job with batch size: 50, dropout: 50, conv_non_linear: relu lr_decay: 88 in mode: mul on GPU: 0
Starting Model 3 with MODE mul
Your job 3250 ("job4.sh") has been submitted

Dropout is --- 24

Random number for lr_decay --- 91

Setting alpha and beta to --- 25, 75
Activation num: 1

sqr_norm_lim --- 8
Starting job with batch size: 50, dropout: 24, conv_non_linear: relu lr_decay: 91 in mode: mul on GPU: 1
Starting Model 3 with MODE mul
Your job 3251 ("job4.sh") has been submitted
