0.95

Dropout is --- 49

Random number for lr_decay --- 88

Setting alpha and beta to --- 24, 76
Activation num: 2

sqr_norm_lim --- 9
Starting job with batch size: 50, dropout: 49, conv_non_linear: relu lr_decay: 88 in mode: mul on GPU: 1
Starting Model 3 with MODE mul
Your job 3486 ("job4.sh") has been submitted

Dropout is --- 25

Random number for lr_decay --- 93

Setting alpha and beta to --- 21, 79
Activation num: 1

sqr_norm_lim --- 9
Starting job with batch size: 50, dropout: 25, conv_non_linear: relu lr_decay: 93 in mode: mul on GPU: 2
Starting Model 3 with MODE mul
Your job 3487 ("job4.sh") has been submitted

Dropout is --- 51

Random number for lr_decay --- 96

Setting alpha and beta to --- 46, 54
Activation num: 1

sqr_norm_lim --- 9
Starting job with batch size: 50, dropout: 51, conv_non_linear: relu lr_decay: 96 in mode: mul on GPU: 0
Starting Model 3 with MODE mul
Your job 3488 ("job4.sh") has been submitted

Dropout is --- 38

Random number for lr_decay --- 95

Setting alpha and beta to --- 33, 67
Activation num: 1

sqr_norm_lim --- 8
Starting job with batch size: 50, dropout: 38, conv_non_linear: relu lr_decay: 95 in mode: mul on GPU: 1
Starting Model 3 with MODE mul
Your job 3489 ("job4.sh") has been submitted

Dropout is --- 40

Random number for lr_decay --- 94

Setting alpha and beta to --- 15, 85
Activation num: 2

sqr_norm_lim --- 8
Starting job with batch size: 50, dropout: 40, conv_non_linear: relu lr_decay: 94 in mode: mul on GPU: 2
Starting Model 3 with MODE mul
Your job 3490 ("job4.sh") has been submitted

Dropout is --- 50

Random number for lr_decay --- 90

Setting alpha and beta to --- 19, 81
Activation num: 2

sqr_norm_lim --- 8
Starting job with batch size: 50, dropout: 50, conv_non_linear: relu lr_decay: 90 in mode: mul on GPU: 0
Starting Model 3 with MODE mul
Your job 3491 ("job4.sh") has been submitted

Dropout is --- 62

Random number for lr_decay --- 88

Setting alpha and beta to --- 41, 59
Activation num: 4

sqr_norm_lim --- 8
Starting job with batch size: 50, dropout: 62, conv_non_linear: relu lr_decay: 88 in mode: mul on GPU: 1
Starting Model 3 with MODE mul
Your job 3492 ("job4.sh") has been submitted
