0.95

Dropout is --- 44

Random number for lr_decay --- 88

Setting alpha and beta to --- 29, 71
Activation num: 3

sqr_norm_lim --- 8
Starting job with batch size: 50, dropout: 44, conv_non_linear: relu lr_decay: 88 in mode: add on GPU: 1
Starting Model 3 with MODE add
Your job 3493 ("job4.sh") has been submitted

Dropout is --- 31

Random number for lr_decay --- 94

Setting alpha and beta to --- 23, 77
Activation num: 4

sqr_norm_lim --- 9
Starting job with batch size: 50, dropout: 31, conv_non_linear: relu lr_decay: 94 in mode: mul on GPU: 2
Starting Model 3 with MODE mul
Your job 3494 ("job4.sh") has been submitted

Dropout is --- 49

Random number for lr_decay --- 90

Setting alpha and beta to --- 16, 84
Activation num: 2

sqr_norm_lim --- 8
Starting job with batch size: 50, dropout: 49, conv_non_linear: relu lr_decay: 90 in mode: mul on GPU: 0
Starting Model 3 with MODE mul
Your job 3495 ("job4.sh") has been submitted

Dropout is --- 39

Random number for lr_decay --- 93

Setting alpha and beta to --- 35, 65
Activation num: 4

sqr_norm_lim --- 9
Starting job with batch size: 50, dropout: 39, conv_non_linear: relu lr_decay: 93 in mode: mul on GPU: 1
Starting Model 3 with MODE mul
Your job 3496 ("job4.sh") has been submitted

Dropout is --- 17

Random number for lr_decay --- 93

Setting alpha and beta to --- 26, 74
Activation num: 1

sqr_norm_lim --- 9
Starting job with batch size: 50, dropout: 17, conv_non_linear: relu lr_decay: 93 in mode: mul on GPU: 2
Starting Model 3 with MODE mul
Your job 3497 ("job4.sh") has been submitted

Dropout is --- 51

Random number for lr_decay --- 93

Setting alpha and beta to --- 13, 87
Activation num: 2

sqr_norm_lim --- 9
Starting job with batch size: 50, dropout: 51, conv_non_linear: relu lr_decay: 93 in mode: mul on GPU: 0
Starting Model 3 with MODE mul
Your job 3498 ("job4.sh") has been submitted

Dropout is --- 60

Random number for lr_decay --- 96

Setting alpha and beta to --- 16, 84
Activation num: 2

sqr_norm_lim --- 8
Starting job with batch size: 50, dropout: 60, conv_non_linear: relu lr_decay: 96 in mode: mul on GPU: 1
Starting Model 3 with MODE mul
Your job 3499 ("job4.sh") has been submitted
