0.95

Dropout is --- 17

Random number for lr_decay --- 90

Setting alpha and beta to --- 19, 81
Activation num: 2

sqr_norm_lim --- 9
Starting job with batch size: 50, dropout: 17, conv_non_linear: relu lr_decay: 90 in mode: mul on GPU: 1
Starting Model 3 with MODE mul
Your job 3509 ("job4.sh") has been submitted

Dropout is --- 43

Random number for lr_decay --- 95

Setting alpha and beta to --- 28, 72
Activation num: 2

sqr_norm_lim --- 8
Starting job with batch size: 50, dropout: 43, conv_non_linear: relu lr_decay: 95 in mode: mul on GPU: 2
Starting Model 3 with MODE mul
Your job 3510 ("job4.sh") has been submitted

Dropout is --- 31

Random number for lr_decay --- 91

Setting alpha and beta to --- 26, 74
Activation num: 2

sqr_norm_lim --- 9
Starting job with batch size: 50, dropout: 31, conv_non_linear: relu lr_decay: 91 in mode: mul on GPU: 0
Starting Model 3 with MODE mul
Your job 3511 ("job4.sh") has been submitted

Dropout is --- 54

Random number for lr_decay --- 91

Setting alpha and beta to --- 33, 67
Activation num: 4

sqr_norm_lim --- 9
Starting job with batch size: 50, dropout: 54, conv_non_linear: relu lr_decay: 91 in mode: mul on GPU: 1
Starting Model 3 with MODE mul
Your job 3512 ("job4.sh") has been submitted

Dropout is --- 41

Random number for lr_decay --- 89

Setting alpha and beta to --- 33, 67
Activation num: 2

sqr_norm_lim --- 9
Starting job with batch size: 50, dropout: 41, conv_non_linear: relu lr_decay: 89 in mode: mul on GPU: 2
Starting Model 3 with MODE mul
Your job 3513 ("job4.sh") has been submitted

Dropout is --- 22

Random number for lr_decay --- 90

Setting alpha and beta to --- 47, 53
Activation num: 4

sqr_norm_lim --- 9
Starting job with batch size: 50, dropout: 22, conv_non_linear: relu lr_decay: 90 in mode: mul on GPU: 0
Starting Model 3 with MODE mul
Your job 3514 ("job4.sh") has been submitted

Dropout is --- 21

Random number for lr_decay --- 95

Setting alpha and beta to --- 14, 86
Activation num: 3

sqr_norm_lim --- 9
Starting job with batch size: 50, dropout: 21, conv_non_linear: relu lr_decay: 95 in mode: mul on GPU: 1
Starting Model 3 with MODE mul
Your job 3515 ("job4.sh") has been submitted
