0.95

Dropout is --- 31

Random number for lr_decay --- 88

Setting alpha and beta to --- 40, 60
Activation num: 3

sqr_norm_lim --- 8
Starting job with batch size: 50, dropout: 31, conv_non_linear: relu lr_decay: 88 in mode: mul on GPU: 1
Starting Model 3 with MODE mul
Your job 3532 ("job4.sh") has been submitted

Dropout is --- 31

Random number for lr_decay --- 88

Setting alpha and beta to --- 36, 64
Activation num: 1

sqr_norm_lim --- 9
Starting job with batch size: 50, dropout: 31, conv_non_linear: relu lr_decay: 88 in mode: mul on GPU: 2
Starting Model 3 with MODE mul
Your job 3533 ("job4.sh") has been submitted

Dropout is --- 48

Random number for lr_decay --- 91

Setting alpha and beta to --- 49, 51
Activation num: 4

sqr_norm_lim --- 9
Starting job with batch size: 50, dropout: 48, conv_non_linear: relu lr_decay: 91 in mode: mul on GPU: 0
Starting Model 3 with MODE mul
Your job 3534 ("job4.sh") has been submitted

Dropout is --- 33

Random number for lr_decay --- 91

Setting alpha and beta to --- 44, 56
Activation num: 1

sqr_norm_lim --- 8
Starting job with batch size: 50, dropout: 33, conv_non_linear: relu lr_decay: 91 in mode: mul on GPU: 1
Starting Model 3 with MODE mul
Your job 3535 ("job4.sh") has been submitted

Dropout is --- 38

Random number for lr_decay --- 90

Setting alpha and beta to --- 39, 61
Activation num: 4

sqr_norm_lim --- 9
Starting job with batch size: 50, dropout: 38, conv_non_linear: relu lr_decay: 90 in mode: mul on GPU: 2
Starting Model 3 with MODE mul
Your job 3536 ("job4.sh") has been submitted

Dropout is --- 36

Random number for lr_decay --- 94

Setting alpha and beta to --- 20, 80
Activation num: 3

sqr_norm_lim --- 8
Starting job with batch size: 50, dropout: 36, conv_non_linear: relu lr_decay: 94 in mode: mul on GPU: 0
Starting Model 3 with MODE mul
Your job 3537 ("job4.sh") has been submitted

Dropout is --- 12

Random number for lr_decay --- 88

Setting alpha and beta to --- 12, 88
Activation num: 4

sqr_norm_lim --- 8
Starting job with batch size: 50, dropout: 12, conv_non_linear: relu lr_decay: 88 in mode: mul on GPU: 1
Starting Model 3 with MODE mul
Your job 3538 ("job4.sh") has been submitted
