0.95

Dropout is --- 25

Random number for lr_decay --- 89

Setting alpha and beta to --- 29, 71
Activation num: 4

sqr_norm_lim --- 7
Starting job with batch size: 50, dropout: 25, conv_non_linear: 255 lr_decay: 89 in mode: 255 on GPU: 1
Starting Model 3 with MODE 255
Your job 3669 ("job4.sh") has been submitted

Dropout is --- 26

Random number for lr_decay --- 92

Setting alpha and beta to --- 42, 58
Activation num: 4

sqr_norm_lim --- 7
Starting job with batch size: 50, dropout: 26, conv_non_linear: 255 lr_decay: 92 in mode: 255 on GPU: 2
Starting Model 3 with MODE 255
Your job 3670 ("job4.sh") has been submitted

Dropout is --- 44

Random number for lr_decay --- 86

Setting alpha and beta to --- 31, 69
Activation num: 2

sqr_norm_lim --- 7
Starting job with batch size: 50, dropout: 44, conv_non_linear: 255 lr_decay: 86 in mode: 255 on GPU: 0
Starting Model 3 with MODE 255
Your job 3671 ("job4.sh") has been submitted

Dropout is --- 34

Random number for lr_decay --- 89

Setting alpha and beta to --- 14, 86
Activation num: 2

sqr_norm_lim --- 8
Starting job with batch size: 50, dropout: 34, conv_non_linear: 255 lr_decay: 89 in mode: 255 on GPU: 1
Starting Model 3 with MODE 255
Your job 3672 ("job4.sh") has been submitted

Dropout is --- 35

Random number for lr_decay --- 89

Setting alpha and beta to --- 39, 61
Activation num: 3

sqr_norm_lim --- 8
Starting job with batch size: 50, dropout: 35, conv_non_linear: 255 lr_decay: 89 in mode: 255 on GPU: 2
Starting Model 3 with MODE 255
Your job 3673 ("job4.sh") has been submitted

Dropout is --- 21

Random number for lr_decay --- 91

Setting alpha and beta to --- 20, 80
Activation num: 3

sqr_norm_lim --- 8
Starting job with batch size: 50, dropout: 21, conv_non_linear: 255 lr_decay: 91 in mode: 255 on GPU: 0
Starting Model 3 with MODE 255
Your job 3674 ("job4.sh") has been submitted

Dropout is --- 25

Random number for lr_decay --- 93

Setting alpha and beta to --- 32, 68
Activation num: 3

sqr_norm_lim --- 8
Starting job with batch size: 50, dropout: 25, conv_non_linear: 255 lr_decay: 93 in mode: 255 on GPU: 1
Starting Model 3 with MODE 255
Your job 3675 ("job4.sh") has been submitted
