0.95
tuk

Dropout is --- 47

Random number for lr_decay --- 92

Setting alpha and beta to --- 12, 88
Activation num: 3

sqr_norm_lim --- 8
Starting job with batch size: 50, dropout: 47, conv_non_linear: add lr_decay: 92 in mode: 255 on GPU: 1
Starting Model 3 with MODE 255
Your job 3676 ("job4.sh") has been submitted
tuk

Dropout is --- 41

Random number for lr_decay --- 89

Setting alpha and beta to --- 41, 59
Activation num: 3

sqr_norm_lim --- 9
Starting job with batch size: 50, dropout: 41, conv_non_linear: add lr_decay: 89 in mode: 255 on GPU: 2
Starting Model 3 with MODE 255
Your job 3677 ("job4.sh") has been submitted
tuk

Dropout is --- 45

Random number for lr_decay --- 88

Setting alpha and beta to --- 46, 54
Activation num: 1

sqr_norm_lim --- 7
Starting job with batch size: 50, dropout: 45, conv_non_linear: add lr_decay: 88 in mode: 255 on GPU: 0
Starting Model 3 with MODE 255
Your job 3678 ("job4.sh") has been submitted
tuk

Dropout is --- 29

Random number for lr_decay --- 91

Setting alpha and beta to --- 39, 61
Activation num: 2

sqr_norm_lim --- 8
Starting job with batch size: 50, dropout: 29, conv_non_linear: add lr_decay: 91 in mode: 255 on GPU: 1
Starting Model 3 with MODE 255
Your job 3679 ("job4.sh") has been submitted
tuk

Dropout is --- 30

Random number for lr_decay --- 91

Setting alpha and beta to --- 38, 62
Activation num: 4

sqr_norm_lim --- 8
Starting job with batch size: 50, dropout: 30, conv_non_linear: add lr_decay: 91 in mode: 255 on GPU: 2
Starting Model 3 with MODE 255
Your job 3680 ("job4.sh") has been submitted
tuk

Dropout is --- 39

Random number for lr_decay --- 86

Setting alpha and beta to --- 26, 74
Activation num: 4

sqr_norm_lim --- 8
Starting job with batch size: 50, dropout: 39, conv_non_linear: add lr_decay: 86 in mode: 255 on GPU: 0
Starting Model 3 with MODE 255
Your job 3681 ("job4.sh") has been submitted
tuk

Dropout is --- 39

Random number for lr_decay --- 87

Setting alpha and beta to --- 46, 54
Activation num: 3

sqr_norm_lim --- 9
Starting job with batch size: 50, dropout: 39, conv_non_linear: add lr_decay: 87 in mode: 255 on GPU: 1
Starting Model 3 with MODE 255
Your job 3682 ("job4.sh") has been submitted
0.95


Dropout is --- 24

Random number for lr_decay --- 89

Setting alpha and beta to --- 30, 70
Activation num: 1

sqr_norm_lim --- 8
Starting job with batch size: 50, dropout: 24, conv_non_linear: relu lr_decay: 89 in mode: 255 on GPU: 1
Starting Model 3 with MODE 255
Your job 3683 ("job4.sh") has been submitted


Dropout is --- 22

Random number for lr_decay --- 93

Setting alpha and beta to --- 25, 75
Activation num: 2

sqr_norm_lim --- 9
Starting job with batch size: 50, dropout: 22, conv_non_linear: relu lr_decay: 93 in mode: 255 on GPU: 2
Starting Model 3 with MODE 255
Your job 3684 ("job4.sh") has been submitted


Dropout is --- 46

Random number for lr_decay --- 91

Setting alpha and beta to --- 35, 65
Activation num: 3

sqr_norm_lim --- 9
Starting job with batch size: 50, dropout: 46, conv_non_linear: relu lr_decay: 91 in mode: 255 on GPU: 0
Starting Model 3 with MODE 255
Your job 3685 ("job4.sh") has been submitted


Dropout is --- 46

Random number for lr_decay --- 93

Setting alpha and beta to --- 31, 69
Activation num: 1

sqr_norm_lim --- 8
Starting job with batch size: 50, dropout: 46, conv_non_linear: relu lr_decay: 93 in mode: 255 on GPU: 1
Starting Model 3 with MODE 255
Your job 3686 ("job4.sh") has been submitted


Dropout is --- 29

Random number for lr_decay --- 88

Setting alpha and beta to --- 44, 56
Activation num: 2

sqr_norm_lim --- 8
Starting job with batch size: 50, dropout: 29, conv_non_linear: relu lr_decay: 88 in mode: 255 on GPU: 2
Starting Model 3 with MODE 255
Your job 3687 ("job4.sh") has been submitted


Dropout is --- 35

Random number for lr_decay --- 92

Setting alpha and beta to --- 32, 68
Activation num: 3

sqr_norm_lim --- 9
Starting job with batch size: 50, dropout: 35, conv_non_linear: relu lr_decay: 92 in mode: 255 on GPU: 0
Starting Model 3 with MODE 255
Your job 3688 ("job4.sh") has been submitted


Dropout is --- 35

Random number for lr_decay --- 87

Setting alpha and beta to --- 42, 58
Activation num: 1

sqr_norm_lim --- 7
Starting job with batch size: 50, dropout: 35, conv_non_linear: relu lr_decay: 87 in mode: 255 on GPU: 1
Starting Model 3 with MODE 255
Your job 3689 ("job4.sh") has been submitted
