0.95



Dropout is --- 35

Random number for lr_decay --- 86

Setting alpha and beta to --- 42, 58
Activation num: 1

sqr_norm_lim --- 9
Starting job with batch size: 50, dropout: 35, conv_non_linear: relu lr_decay: 86 in mode: mul on GPU: 1
Starting Model 3 with MODE mul
Your job 3726 ("job4.sh") has been submitted



Dropout is --- 49

Random number for lr_decay --- 89

Setting alpha and beta to --- 39, 61
Activation num: 1

sqr_norm_lim --- 8
Starting job with batch size: 50, dropout: 49, conv_non_linear: tanh lr_decay: 89 in mode: mul on GPU: 2
Starting Model 3 with MODE mul
Your job 3727 ("job4.sh") has been submitted



Dropout is --- 47

Random number for lr_decay --- 90

Setting alpha and beta to --- 35, 65
Activation num: 4

sqr_norm_lim --- 7
Starting job with batch size: 50, dropout: 47, conv_non_linear: tanh lr_decay: 90 in mode: mul on GPU: 0
Starting Model 3 with MODE mul
Your job 3728 ("job4.sh") has been submitted



Dropout is --- 36

Random number for lr_decay --- 87

Setting alpha and beta to --- 39, 61
Activation num: 4

sqr_norm_lim --- 7
Starting job with batch size: 50, dropout: 36, conv_non_linear: relu lr_decay: 87 in mode: mul on GPU: 1
Starting Model 3 with MODE mul
Your job 3729 ("job4.sh") has been submitted



Dropout is --- 31

Random number for lr_decay --- 89

Setting alpha and beta to --- 17, 83
Activation num: 1

sqr_norm_lim --- 7
Starting job with batch size: 50, dropout: 31, conv_non_linear: relu lr_decay: 89 in mode: add on GPU: 2
Starting Model 3 with MODE add
Your job 3730 ("job4.sh") has been submitted



Dropout is --- 35

Random number for lr_decay --- 90

Setting alpha and beta to --- 28, 72
Activation num: 1

sqr_norm_lim --- 9
Starting job with batch size: 50, dropout: 35, conv_non_linear: relu lr_decay: 90 in mode: add on GPU: 0
Starting Model 3 with MODE add
Your job 3731 ("job4.sh") has been submitted



Dropout is --- 36

Random number for lr_decay --- 87

Setting alpha and beta to --- 36, 64
Activation num: 3

sqr_norm_lim --- 7
Starting job with batch size: 50, dropout: 36, conv_non_linear: tanh lr_decay: 87 in mode: add on GPU: 1
Starting Model 3 with MODE add
Your job 3732 ("job4.sh") has been submitted
