0.95



Dropout is --- 29

Random number for lr_decay --- 88

Setting alpha and beta to --- 26, 74
Activation num: 1

sqr_norm_lim --- 8
Starting job with batch size: 50, dropout: 29, conv_non_linear: relu lr_decay: 88 in mode: mul on GPU: 1
Starting Model 3 with MODE mul
Your job 3733 ("job4.sh") has been submitted



Dropout is --- 30

Random number for lr_decay --- 93

Setting alpha and beta to --- 45, 55
Activation num: 1

sqr_norm_lim --- 7
Starting job with batch size: 50, dropout: 30, conv_non_linear: tanh lr_decay: 93 in mode: add on GPU: 2
Starting Model 3 with MODE add
Your job 3734 ("job4.sh") has been submitted



Dropout is --- 38

Random number for lr_decay --- 86

Setting alpha and beta to --- 20, 80
Activation num: 3

sqr_norm_lim --- 9
Starting job with batch size: 50, dropout: 38, conv_non_linear: tanh lr_decay: 86 in mode: mul on GPU: 0
Starting Model 3 with MODE mul
Your job 3735 ("job4.sh") has been submitted



Dropout is --- 38

Random number for lr_decay --- 89

Setting alpha and beta to --- 21, 79
Activation num: 1

sqr_norm_lim --- 9
Starting job with batch size: 50, dropout: 38, conv_non_linear: tanh lr_decay: 89 in mode: mul on GPU: 1
Starting Model 3 with MODE mul
Your job 3736 ("job4.sh") has been submitted



Dropout is --- 39

Random number for lr_decay --- 86

Setting alpha and beta to --- 14, 86
Activation num: 3

sqr_norm_lim --- 8
Starting job with batch size: 50, dropout: 39, conv_non_linear: tanh lr_decay: 86 in mode: mul on GPU: 2
Starting Model 3 with MODE mul
Your job 3737 ("job4.sh") has been submitted



Dropout is --- 28

Random number for lr_decay --- 91

Setting alpha and beta to --- 32, 68
Activation num: 2

sqr_norm_lim --- 7
Starting job with batch size: 50, dropout: 28, conv_non_linear: relu lr_decay: 91 in mode: mul on GPU: 0
Starting Model 3 with MODE mul
Your job 3738 ("job4.sh") has been submitted



Dropout is --- 36

Random number for lr_decay --- 86

Setting alpha and beta to --- 22, 78
Activation num: 3

sqr_norm_lim --- 7
Starting job with batch size: 50, dropout: 36, conv_non_linear: relu lr_decay: 86 in mode: add on GPU: 1
Starting Model 3 with MODE add
Your job 3739 ("job4.sh") has been submitted
