0.95



Dropout is --- 34

Random number for lr_decay --- 90

Setting alpha and beta to --- 43, 57
Activation num: 1

sqr_norm_lim --- 9
Starting job with batch size: 50, dropout: 34, conv_non_linear: tanh lr_decay: 90 in mode: mul on GPU: 1
Starting Model 3 with MODE mul
Your job 3740 ("job4.sh") has been submitted



Dropout is --- 26

Random number for lr_decay --- 88

Setting alpha and beta to --- 45, 55
Activation num: 3

sqr_norm_lim --- 9
Starting job with batch size: 50, dropout: 26, conv_non_linear: tanh lr_decay: 88 in mode: add on GPU: 2
Starting Model 3 with MODE add
Your job 3741 ("job4.sh") has been submitted



Dropout is --- 44

Random number for lr_decay --- 89

Setting alpha and beta to --- 33, 67
Activation num: 2

sqr_norm_lim --- 8
Starting job with batch size: 50, dropout: 44, conv_non_linear: tanh lr_decay: 89 in mode: add on GPU: 0
Starting Model 3 with MODE add
Your job 3742 ("job4.sh") has been submitted



Dropout is --- 33

Random number for lr_decay --- 87

Setting alpha and beta to --- 43, 57
Activation num: 1

sqr_norm_lim --- 9
Starting job with batch size: 50, dropout: 33, conv_non_linear: tanh lr_decay: 87 in mode: add on GPU: 1
Starting Model 3 with MODE add
Your job 3743 ("job4.sh") has been submitted



Dropout is --- 39

Random number for lr_decay --- 91

Setting alpha and beta to --- 22, 78
Activation num: 4

sqr_norm_lim --- 9
Starting job with batch size: 50, dropout: 39, conv_non_linear: tanh lr_decay: 91 in mode: mul on GPU: 2
Starting Model 3 with MODE mul
Your job 3744 ("job4.sh") has been submitted



Dropout is --- 32

Random number for lr_decay --- 87

Setting alpha and beta to --- 33, 67
Activation num: 2

sqr_norm_lim --- 7
Starting job with batch size: 50, dropout: 32, conv_non_linear: tanh lr_decay: 87 in mode: add on GPU: 0
Starting Model 3 with MODE add
Your job 3745 ("job4.sh") has been submitted



Dropout is --- 33

Random number for lr_decay --- 87

Setting alpha and beta to --- 37, 63
Activation num: 4

sqr_norm_lim --- 7
Starting job with batch size: 50, dropout: 33, conv_non_linear: relu lr_decay: 87 in mode: add on GPU: 1
Starting Model 3 with MODE add
Your job 3746 ("job4.sh") has been submitted
