0.95



Dropout is --- 37

Random number for lr_decay --- 89

Setting alpha and beta to --- 46, 54
Activation num: 4

sqr_norm_lim --- 8
Starting job with batch size: 50, dropout: 37, conv_non_linear: tanh lr_decay: 89 in mode: mul on GPU: 1
Starting Model 3 with MODE mul
Your job 3766 ("job4.sh") has been submitted



Dropout is --- 37

Random number for lr_decay --- 89

Setting alpha and beta to --- 48, 52
Activation num: 4

sqr_norm_lim --- 7
Starting job with batch size: 50, dropout: 37, conv_non_linear: tanh lr_decay: 89 in mode: mul on GPU: 2
Starting Model 3 with MODE mul
Your job 3767 ("job4.sh") has been submitted



Dropout is --- 49

Random number for lr_decay --- 90

Setting alpha and beta to --- 36, 64
Activation num: 4

sqr_norm_lim --- 9
Starting job with batch size: 50, dropout: 49, conv_non_linear: tanh lr_decay: 90 in mode: add on GPU: 0
Starting Model 3 with MODE add
Your job 3768 ("job4.sh") has been submitted



Dropout is --- 38

Random number for lr_decay --- 89

Setting alpha and beta to --- 32, 68
Activation num: 1

sqr_norm_lim --- 8
Starting job with batch size: 50, dropout: 38, conv_non_linear: relu lr_decay: 89 in mode: mul on GPU: 1
Starting Model 3 with MODE mul
Your job 3769 ("job4.sh") has been submitted



Dropout is --- 36

Random number for lr_decay --- 93

Setting alpha and beta to --- 32, 68
Activation num: 4

sqr_norm_lim --- 8
Starting job with batch size: 50, dropout: 36, conv_non_linear: relu lr_decay: 93 in mode: mul on GPU: 2
Starting Model 3 with MODE mul
Your job 3770 ("job4.sh") has been submitted



Dropout is --- 39

Random number for lr_decay --- 92

Setting alpha and beta to --- 25, 75
Activation num: 3

sqr_norm_lim --- 9
Starting job with batch size: 50, dropout: 39, conv_non_linear: relu lr_decay: 92 in mode: mul on GPU: 0
Starting Model 3 with MODE mul
Your job 3771 ("job4.sh") has been submitted



Dropout is --- 47

Random number for lr_decay --- 92

Setting alpha and beta to --- 37, 63
Activation num: 4

sqr_norm_lim --- 9
Starting job with batch size: 50, dropout: 47, conv_non_linear: relu lr_decay: 92 in mode: mul on GPU: 1
Starting Model 3 with MODE mul
Your job 3772 ("job4.sh") has been submitted



Dropout is --- 31

Random number for lr_decay --- 86

Setting alpha and beta to --- 19, 81
Activation num: 2

sqr_norm_lim --- 8
Starting job with batch size: 50, dropout: 31, conv_non_linear: relu lr_decay: 86 in mode: mul on GPU: 2
Starting Model 3 with MODE mul
Your job 3773 ("job4.sh") has been submitted



Dropout is --- 26

Random number for lr_decay --- 92

Setting alpha and beta to --- 42, 58
Activation num: 3

sqr_norm_lim --- 9
Starting job with batch size: 50, dropout: 26, conv_non_linear: relu lr_decay: 92 in mode: add on GPU: 0
Starting Model 3 with MODE add
Your job 3774 ("job4.sh") has been submitted



Dropout is --- 39

Random number for lr_decay --- 91

Setting alpha and beta to --- 36, 64
Activation num: 4

sqr_norm_lim --- 9
Starting job with batch size: 50, dropout: 39, conv_non_linear: tanh lr_decay: 91 in mode: mul on GPU: 1
Starting Model 3 with MODE mul
Your job 3775 ("job4.sh") has been submitted
