0.95



Dropout is --- 35

Random number for lr_decay --- 88

Setting alpha and beta to --- 29, 71
Activation num: 3

sqr_norm_lim --- 8
Starting job with batch size: 50, dropout: 35, conv_non_linear: relu lr_decay: 88 in mode: add on GPU: 1
Starting Model 3 with MODE add
Your job 3786 ("job4.sh") has been submitted



Dropout is --- 37

Random number for lr_decay --- 90

Setting alpha and beta to --- 16, 84
Activation num: 3

sqr_norm_lim --- 8
Starting job with batch size: 50, dropout: 37, conv_non_linear: tanh lr_decay: 90 in mode: mul on GPU: 2
Starting Model 3 with MODE mul
Your job 3787 ("job4.sh") has been submitted



Dropout is --- 32

Random number for lr_decay --- 89

Setting alpha and beta to --- 36, 64
Activation num: 4

sqr_norm_lim --- 9
Starting job with batch size: 50, dropout: 32, conv_non_linear: relu lr_decay: 89 in mode: mul on GPU: 0
Starting Model 3 with MODE mul
Your job 3788 ("job4.sh") has been submitted



Dropout is --- 49

Random number for lr_decay --- 86

Setting alpha and beta to --- 38, 62
Activation num: 3

sqr_norm_lim --- 7
Starting job with batch size: 50, dropout: 49, conv_non_linear: relu lr_decay: 86 in mode: add on GPU: 1
Starting Model 3 with MODE add
Your job 3789 ("job4.sh") has been submitted



Dropout is --- 36

Random number for lr_decay --- 90

Setting alpha and beta to --- 43, 57
Activation num: 2

sqr_norm_lim --- 8
Starting job with batch size: 50, dropout: 36, conv_non_linear: relu lr_decay: 90 in mode: mul on GPU: 2
Starting Model 3 with MODE mul
Your job 3790 ("job4.sh") has been submitted



Dropout is --- 37

Random number for lr_decay --- 87

Setting alpha and beta to --- 16, 84
Activation num: 4

sqr_norm_lim --- 7
Starting job with batch size: 50, dropout: 37, conv_non_linear: relu lr_decay: 87 in mode: mul on GPU: 0
Starting Model 3 with MODE mul
Your job 3791 ("job4.sh") has been submitted



Dropout is --- 23

Random number for lr_decay --- 92

Setting alpha and beta to --- 38, 62
Activation num: 2

sqr_norm_lim --- 9
Starting job with batch size: 50, dropout: 23, conv_non_linear: tanh lr_decay: 92 in mode: add on GPU: 1
Starting Model 3 with MODE add
Your job 3792 ("job4.sh") has been submitted



Dropout is --- 38

Random number for lr_decay --- 88

Setting alpha and beta to --- 11, 89
Activation num: 3

sqr_norm_lim --- 8
Starting job with batch size: 50, dropout: 38, conv_non_linear: tanh lr_decay: 88 in mode: mul on GPU: 2
Starting Model 3 with MODE mul
Your job 3793 ("job4.sh") has been submitted



Dropout is --- 25

Random number for lr_decay --- 91

Setting alpha and beta to --- 49, 51
Activation num: 4

sqr_norm_lim --- 9
Starting job with batch size: 50, dropout: 25, conv_non_linear: relu lr_decay: 91 in mode: mul on GPU: 0
Starting Model 3 with MODE mul
Your job 3794 ("job4.sh") has been submitted



Dropout is --- 40

Random number for lr_decay --- 88

Setting alpha and beta to --- 45, 55
Activation num: 3

sqr_norm_lim --- 7
Starting job with batch size: 50, dropout: 40, conv_non_linear: relu lr_decay: 88 in mode: add on GPU: 1
Starting Model 3 with MODE add
Your job 3795 ("job4.sh") has been submitted
