0.95



Dropout is --- 37

Random number for lr_decay --- 90

Setting alpha and beta to --- 50, 50
Activation num: 3

sqr_norm_lim --- 8
Starting job with batch size: 50, dropout: 37, conv_non_linear: tanh lr_decay: 90 in mode: add on GPU: 1
Starting Model 3 with MODE add
Your job 4115 ("job4.sh") has been submitted



Dropout is --- 23

Random number for lr_decay --- 93

Setting alpha and beta to --- 50, 50
Activation num: 4

sqr_norm_lim --- 8
Starting job with batch size: 50, dropout: 23, conv_non_linear: tanh lr_decay: 93 in mode: mul on GPU: 2
Starting Model 3 with MODE mul
Your job 4116 ("job4.sh") has been submitted



Dropout is --- 41

Random number for lr_decay --- 86

Setting alpha and beta to --- 50, 50
Activation num: 1

sqr_norm_lim --- 9
Starting job with batch size: 50, dropout: 41, conv_non_linear: relu lr_decay: 86 in mode: mul on GPU: 0
Starting Model 3 with MODE mul
Your job 4117 ("job4.sh") has been submitted



Dropout is --- 24

Random number for lr_decay --- 92

Setting alpha and beta to --- 50, 50
Activation num: 2

sqr_norm_lim --- 7
Starting job with batch size: 50, dropout: 24, conv_non_linear: tanh lr_decay: 92 in mode: add on GPU: 1
Starting Model 3 with MODE add
Your job 4118 ("job4.sh") has been submitted



Dropout is --- 36

Random number for lr_decay --- 87

Setting alpha and beta to --- 50, 50
Activation num: 1

sqr_norm_lim --- 7
Starting job with batch size: 50, dropout: 36, conv_non_linear: tanh lr_decay: 87 in mode: mul on GPU: 2
Starting Model 3 with MODE mul
Your job 4119 ("job4.sh") has been submitted



Dropout is --- 49

Random number for lr_decay --- 91

Setting alpha and beta to --- 50, 50
Activation num: 1

sqr_norm_lim --- 8
Starting job with batch size: 50, dropout: 49, conv_non_linear: tanh lr_decay: 91 in mode: mul on GPU: 0
Starting Model 3 with MODE mul
Your job 4120 ("job4.sh") has been submitted



Dropout is --- 24

Random number for lr_decay --- 91

Setting alpha and beta to --- 50, 50
Activation num: 3

sqr_norm_lim --- 9
Starting job with batch size: 50, dropout: 24, conv_non_linear: tanh lr_decay: 91 in mode: mul on GPU: 1
Starting Model 3 with MODE mul
Your job 4121 ("job4.sh") has been submitted



Dropout is --- 26

Random number for lr_decay --- 93

Setting alpha and beta to --- 50, 50
Activation num: 1

sqr_norm_lim --- 8
Starting job with batch size: 50, dropout: 26, conv_non_linear: tanh lr_decay: 93 in mode: mul on GPU: 2
Starting Model 3 with MODE mul
Your job 4122 ("job4.sh") has been submitted



Dropout is --- 41

Random number for lr_decay --- 91

Setting alpha and beta to --- 50, 50
Activation num: 1

sqr_norm_lim --- 9
Starting job with batch size: 50, dropout: 41, conv_non_linear: relu lr_decay: 91 in mode: mul on GPU: 0
Starting Model 3 with MODE mul
Your job 4123 ("job4.sh") has been submitted



Dropout is --- 25

Random number for lr_decay --- 92

Setting alpha and beta to --- 50, 50
Activation num: 3

sqr_norm_lim --- 7
Starting job with batch size: 50, dropout: 25, conv_non_linear: tanh lr_decay: 92 in mode: add on GPU: 1
Starting Model 3 with MODE add
Your job 4124 ("job4.sh") has been submitted
