0.95



Dropout is --- 22

Random number for lr_decay --- 90

Setting alpha and beta to --- 50, 50
Activation num: 1

sqr_norm_lim --- 7
Starting job with batch size: 50, dropout: 22, conv_non_linear: relu lr_decay: 90 in mode: mul on GPU: 1
Starting Model 3 with MODE mul
Your job 4217 ("job4.sh") has been submitted



Dropout is --- 24

Random number for lr_decay --- 91

Setting alpha and beta to --- 50, 50
Activation num: 4

sqr_norm_lim --- 9
Starting job with batch size: 50, dropout: 24, conv_non_linear: tanh lr_decay: 91 in mode: mul on GPU: 2
Starting Model 3 with MODE mul
Your job 4218 ("job4.sh") has been submitted



Dropout is --- 21

Random number for lr_decay --- 91

Setting alpha and beta to --- 50, 50
Activation num: 3

sqr_norm_lim --- 8
Starting job with batch size: 50, dropout: 21, conv_non_linear: relu lr_decay: 91 in mode: mul on GPU: 0
Starting Model 3 with MODE mul
Your job 4219 ("job4.sh") has been submitted



Dropout is --- 31

Random number for lr_decay --- 86

Setting alpha and beta to --- 50, 50
Activation num: 3

sqr_norm_lim --- 9
Starting job with batch size: 50, dropout: 31, conv_non_linear: tanh lr_decay: 86 in mode: mul on GPU: 1
Starting Model 3 with MODE mul
Your job 4220 ("job4.sh") has been submitted



Dropout is --- 40

Random number for lr_decay --- 91

Setting alpha and beta to --- 50, 50
Activation num: 4

sqr_norm_lim --- 7
Starting job with batch size: 50, dropout: 40, conv_non_linear: tanh lr_decay: 91 in mode: mul on GPU: 2
Starting Model 3 with MODE mul
Your job 4221 ("job4.sh") has been submitted



Dropout is --- 21

Random number for lr_decay --- 86

Setting alpha and beta to --- 50, 50
Activation num: 1

sqr_norm_lim --- 8
Starting job with batch size: 50, dropout: 21, conv_non_linear: relu lr_decay: 86 in mode: mul on GPU: 0
Starting Model 3 with MODE mul
Your job 4222 ("job4.sh") has been submitted



Dropout is --- 30

Random number for lr_decay --- 87

Setting alpha and beta to --- 50, 50
Activation num: 2

sqr_norm_lim --- 9
Starting job with batch size: 50, dropout: 30, conv_non_linear: tanh lr_decay: 87 in mode: mul on GPU: 1
Starting Model 3 with MODE mul
Your job 4223 ("job4.sh") has been submitted



Dropout is --- 22

Random number for lr_decay --- 89

Setting alpha and beta to --- 50, 50
Activation num: 2

sqr_norm_lim --- 8
Starting job with batch size: 50, dropout: 22, conv_non_linear: relu lr_decay: 89 in mode: add on GPU: 2
Starting Model 3 with MODE add
Your job 4224 ("job4.sh") has been submitted



Dropout is --- 31

Random number for lr_decay --- 89

Setting alpha and beta to --- 50, 50
Activation num: 4

sqr_norm_lim --- 7
Starting job with batch size: 50, dropout: 31, conv_non_linear: tanh lr_decay: 89 in mode: mul on GPU: 0
Starting Model 3 with MODE mul
Your job 4225 ("job4.sh") has been submitted



Dropout is --- 24

Random number for lr_decay --- 87

Setting alpha and beta to --- 50, 50
Activation num: 1

sqr_norm_lim --- 9
Starting job with batch size: 50, dropout: 24, conv_non_linear: relu lr_decay: 87 in mode: mul on GPU: 1
Starting Model 3 with MODE mul
Your job 4226 ("job4.sh") has been submitted
