0.95



Dropout is --- 45

Random number for lr_decay --- 92

Setting alpha and beta to --- 54, 146
Activation num: 2

sqr_norm_lim --- 8
Starting job with batch size: 50, dropout: 45, conv_non_linear: tanh lr_decay: 92 in mode: add on GPU: 1
Starting Model 3 with MODE add
Your job 4307 ("job4.sh") has been submitted



Dropout is --- 22

Random number for lr_decay --- 92

Setting alpha and beta to --- 14, 186
Activation num: 1

sqr_norm_lim --- 9
Starting job with batch size: 50, dropout: 22, conv_non_linear: relu lr_decay: 92 in mode: add on GPU: 2
Starting Model 3 with MODE add
Your job 4308 ("job4.sh") has been submitted



Dropout is --- 35

Random number for lr_decay --- 90

Setting alpha and beta to --- 64, 136
Activation num: 4

sqr_norm_lim --- 7
Starting job with batch size: 50, dropout: 35, conv_non_linear: tanh lr_decay: 90 in mode: add on GPU: 0
Starting Model 3 with MODE add
Your job 4309 ("job4.sh") has been submitted



Dropout is --- 22

Random number for lr_decay --- 92

Setting alpha and beta to --- 27, 173
Activation num: 2

sqr_norm_lim --- 8
Starting job with batch size: 50, dropout: 22, conv_non_linear: relu lr_decay: 92 in mode: add on GPU: 1
Starting Model 3 with MODE add
Your job 4310 ("job4.sh") has been submitted



Dropout is --- 48

Random number for lr_decay --- 87

Setting alpha and beta to --- 28, 172
Activation num: 1

sqr_norm_lim --- 7
Starting job with batch size: 50, dropout: 48, conv_non_linear: tanh lr_decay: 87 in mode: add on GPU: 2
Starting Model 3 with MODE add
Your job 4311 ("job4.sh") has been submitted



Dropout is --- 25

Random number for lr_decay --- 89

Setting alpha and beta to --- 37, 163
Activation num: 2

sqr_norm_lim --- 9
Starting job with batch size: 50, dropout: 25, conv_non_linear: tanh lr_decay: 89 in mode: add on GPU: 0
Starting Model 3 with MODE add
Your job 4312 ("job4.sh") has been submitted



Dropout is --- 24

Random number for lr_decay --- 93

Setting alpha and beta to --- 22, 178
Activation num: 3

sqr_norm_lim --- 9
Starting job with batch size: 50, dropout: 24, conv_non_linear: relu lr_decay: 93 in mode: add on GPU: 1
Starting Model 3 with MODE add
Your job 4313 ("job4.sh") has been submitted



Dropout is --- 38

Random number for lr_decay --- 90

Setting alpha and beta to --- 64, 136
Activation num: 1

sqr_norm_lim --- 8
Starting job with batch size: 50, dropout: 38, conv_non_linear: relu lr_decay: 90 in mode: add on GPU: 2
Starting Model 3 with MODE add
Your job 4314 ("job4.sh") has been submitted



Dropout is --- 49

Random number for lr_decay --- 92

Setting alpha and beta to --- 36, 164
Activation num: 4

sqr_norm_lim --- 8
Starting job with batch size: 50, dropout: 49, conv_non_linear: tanh lr_decay: 92 in mode: add on GPU: 0
Starting Model 3 with MODE add
Your job 4315 ("job4.sh") has been submitted



Dropout is --- 26

Random number for lr_decay --- 90

Setting alpha and beta to --- 19, 181
Activation num: 1

sqr_norm_lim --- 8
Starting job with batch size: 50, dropout: 26, conv_non_linear: tanh lr_decay: 90 in mode: add on GPU: 1
Starting Model 3 with MODE add
Your job 4316 ("job4.sh") has been submitted
0.95



Dropout is --- 26

Random number for lr_decay --- 88

Setting alpha and beta to --- 40, 160
Activation num: 1

sqr_norm_lim --- 8
Starting job with batch size: 50, dropout: 26, conv_non_linear: relu lr_decay: 88 in mode: add on GPU: 1
Starting Model 3 with MODE add
Your job 4317 ("job4.sh") has been submitted



Dropout is --- 46

Random number for lr_decay --- 92

Setting alpha and beta to --- 48, 152
Activation num: 4

sqr_norm_lim --- 8
Starting job with batch size: 50, dropout: 46, conv_non_linear: tanh lr_decay: 92 in mode: add on GPU: 2
Starting Model 3 with MODE add
Your job 4318 ("job4.sh") has been submitted



Dropout is --- 36

Random number for lr_decay --- 93

Setting alpha and beta to --- 39, 161
Activation num: 1

sqr_norm_lim --- 7
Starting job with batch size: 50, dropout: 36, conv_non_linear: tanh lr_decay: 93 in mode: add on GPU: 0
Starting Model 3 with MODE add
Your job 4319 ("job4.sh") has been submitted



Dropout is --- 22

Random number for lr_decay --- 87

Setting alpha and beta to --- 22, 178
Activation num: 4

sqr_norm_lim --- 8
Starting job with batch size: 50, dropout: 22, conv_non_linear: tanh lr_decay: 87 in mode: add on GPU: 1
Starting Model 3 with MODE add
Your job 4320 ("job4.sh") has been submitted



Dropout is --- 36

Random number for lr_decay --- 90

Setting alpha and beta to --- 22, 178
Activation num: 3

sqr_norm_lim --- 8
Starting job with batch size: 50, dropout: 36, conv_non_linear: relu lr_decay: 90 in mode: add on GPU: 2
Starting Model 3 with MODE add
Your job 4321 ("job4.sh") has been submitted



Dropout is --- 40

Random number for lr_decay --- 88

Setting alpha and beta to --- 43, 157
Activation num: 3

sqr_norm_lim --- 7
Starting job with batch size: 50, dropout: 40, conv_non_linear: relu lr_decay: 88 in mode: add on GPU: 0
Starting Model 3 with MODE add
Your job 4322 ("job4.sh") has been submitted



Dropout is --- 23

Random number for lr_decay --- 86

Setting alpha and beta to --- 54, 146
Activation num: 1

sqr_norm_lim --- 7
Starting job with batch size: 50, dropout: 23, conv_non_linear: relu lr_decay: 86 in mode: add on GPU: 1
Starting Model 3 with MODE add
Your job 4323 ("job4.sh") has been submitted



Dropout is --- 29

Random number for lr_decay --- 87

Setting alpha and beta to --- 46, 154
Activation num: 2

sqr_norm_lim --- 8
Starting job with batch size: 50, dropout: 29, conv_non_linear: tanh lr_decay: 87 in mode: add on GPU: 2
Starting Model 3 with MODE add
Your job 4324 ("job4.sh") has been submitted



Dropout is --- 34

Random number for lr_decay --- 88

Setting alpha and beta to --- 63, 137
Activation num: 3

sqr_norm_lim --- 7
Starting job with batch size: 50, dropout: 34, conv_non_linear: tanh lr_decay: 88 in mode: add on GPU: 0
Starting Model 3 with MODE add
Your job 4325 ("job4.sh") has been submitted



Dropout is --- 45

Random number for lr_decay --- 91

Setting alpha and beta to --- 17, 183
Activation num: 1

sqr_norm_lim --- 8
Starting job with batch size: 50, dropout: 45, conv_non_linear: relu lr_decay: 91 in mode: add on GPU: 1
Starting Model 3 with MODE add
Your job 4326 ("job4.sh") has been submitted
