0.95



Dropout is --- 47

Random number for lr_decay --- 86

Setting alpha and beta to --- 18, 182
Activation num: 1

sqr_norm_lim --- 7
Starting job with batch size: 50, dropout: 47, conv_non_linear: relu lr_decay: 86 in mode: add on GPU: 1
Starting Model 3 with MODE add
Your job 4330 ("job4.sh") has been submitted



Dropout is --- 26

Random number for lr_decay --- 90

Setting alpha and beta to --- 40, 160
Activation num: 3

sqr_norm_lim --- 7
Starting job with batch size: 50, dropout: 26, conv_non_linear: tanh lr_decay: 90 in mode: add on GPU: 2
Starting Model 3 with MODE add
Your job 4331 ("job4.sh") has been submitted



Dropout is --- 23

Random number for lr_decay --- 90

Setting alpha and beta to --- 68, 132
Activation num: 1

sqr_norm_lim --- 8
Starting job with batch size: 50, dropout: 23, conv_non_linear: relu lr_decay: 90 in mode: add on GPU: 0
Starting Model 3 with MODE add
Your job 4332 ("job4.sh") has been submitted



Dropout is --- 38

Random number for lr_decay --- 86

Setting alpha and beta to --- 64, 136
Activation num: 2

sqr_norm_lim --- 7
Starting job with batch size: 50, dropout: 38, conv_non_linear: tanh lr_decay: 86 in mode: add on GPU: 1
Starting Model 3 with MODE add
Your job 4333 ("job4.sh") has been submitted



Dropout is --- 34

Random number for lr_decay --- 89

Setting alpha and beta to --- 45, 155
Activation num: 2

sqr_norm_lim --- 7
Starting job with batch size: 50, dropout: 34, conv_non_linear: relu lr_decay: 89 in mode: add on GPU: 2
Starting Model 3 with MODE add
Your job 4334 ("job4.sh") has been submitted



Dropout is --- 35

Random number for lr_decay --- 90

Setting alpha and beta to --- 35, 165
Activation num: 2

sqr_norm_lim --- 7
Starting job with batch size: 50, dropout: 35, conv_non_linear: tanh lr_decay: 90 in mode: add on GPU: 0
Starting Model 3 with MODE add
Your job 4335 ("job4.sh") has been submitted



Dropout is --- 40

Random number for lr_decay --- 89

Setting alpha and beta to --- 62, 138
Activation num: 4

sqr_norm_lim --- 7
Starting job with batch size: 50, dropout: 40, conv_non_linear: tanh lr_decay: 89 in mode: add on GPU: 1
Starting Model 3 with MODE add
Your job 4336 ("job4.sh") has been submitted



Dropout is --- 22

Random number for lr_decay --- 88

Setting alpha and beta to --- 42, 158
Activation num: 4

sqr_norm_lim --- 8
Starting job with batch size: 50, dropout: 22, conv_non_linear: tanh lr_decay: 88 in mode: add on GPU: 2
Starting Model 3 with MODE add
Your job 4337 ("job4.sh") has been submitted



Dropout is --- 42

Random number for lr_decay --- 89

Setting alpha and beta to --- 25, 175
Activation num: 2

sqr_norm_lim --- 9
Starting job with batch size: 50, dropout: 42, conv_non_linear: tanh lr_decay: 89 in mode: add on GPU: 0
Starting Model 3 with MODE add
Your job 4338 ("job4.sh") has been submitted



Dropout is --- 44

Random number for lr_decay --- 88

Setting alpha and beta to --- 68, 132
Activation num: 1

sqr_norm_lim --- 8
Starting job with batch size: 50, dropout: 44, conv_non_linear: tanh lr_decay: 88 in mode: add on GPU: 1
Starting Model 3 with MODE add
Your job 4339 ("job4.sh") has been submitted
