0.95



Dropout is --- 31

Random number for lr_decay --- 91

Setting alpha and beta to --- 38, 62
Activation num: 4

sqr_norm_lim --- 7
Starting job with batch size: 50, dropout: 31, conv_non_linear: relu lr_decay: 91 in mode: add on GPU: 1
Starting Model 3 with MODE add
Your job 4462 ("job4.sh") has been submitted



Dropout is --- 23

Random number for lr_decay --- 87

Setting alpha and beta to --- 45, 55
Activation num: 1

sqr_norm_lim --- 7
Starting job with batch size: 50, dropout: 23, conv_non_linear: relu lr_decay: 87 in mode: add on GPU: 2
Starting Model 3 with MODE add
Your job 4463 ("job4.sh") has been submitted



Dropout is --- 44

Random number for lr_decay --- 87

Setting alpha and beta to --- 44, 56
Activation num: 2

sqr_norm_lim --- 7
Starting job with batch size: 50, dropout: 44, conv_non_linear: relu lr_decay: 87 in mode: add on GPU: 0
Starting Model 3 with MODE add
Your job 4464 ("job4.sh") has been submitted



Dropout is --- 28

Random number for lr_decay --- 92

Setting alpha and beta to --- 37, 63
Activation num: 1

sqr_norm_lim --- 7
Starting job with batch size: 50, dropout: 28, conv_non_linear: tanh lr_decay: 92 in mode: add on GPU: 1
Starting Model 3 with MODE add
Your job 4465 ("job4.sh") has been submitted



Dropout is --- 45

Random number for lr_decay --- 86

Setting alpha and beta to --- 44, 56
Activation num: 3

sqr_norm_lim --- 7
Starting job with batch size: 50, dropout: 45, conv_non_linear: relu lr_decay: 86 in mode: add on GPU: 2
Starting Model 3 with MODE add
Your job 4466 ("job4.sh") has been submitted



Dropout is --- 30

Random number for lr_decay --- 92

Setting alpha and beta to --- 47, 53
Activation num: 4

sqr_norm_lim --- 8
Starting job with batch size: 50, dropout: 30, conv_non_linear: relu lr_decay: 92 in mode: add on GPU: 0
Starting Model 3 with MODE add
Your job 4467 ("job4.sh") has been submitted



Dropout is --- 42

Random number for lr_decay --- 93

Setting alpha and beta to --- 46, 54
Activation num: 1

sqr_norm_lim --- 8
Starting job with batch size: 50, dropout: 42, conv_non_linear: relu lr_decay: 93 in mode: add on GPU: 1
Starting Model 3 with MODE add
Your job 4468 ("job4.sh") has been submitted



Dropout is --- 21

Random number for lr_decay --- 90

Setting alpha and beta to --- 44, 56
Activation num: 4

sqr_norm_lim --- 9
Starting job with batch size: 50, dropout: 21, conv_non_linear: tanh lr_decay: 90 in mode: concat on GPU: 2
Starting Model 3 with MODE concat
Your job 4469 ("job4.sh") has been submitted



Dropout is --- 40

Random number for lr_decay --- 91

Setting alpha and beta to --- 42, 58
Activation num: 1

sqr_norm_lim --- 8
Starting job with batch size: 50, dropout: 40, conv_non_linear: tanh lr_decay: 91 in mode: concat on GPU: 0
Starting Model 3 with MODE concat
Your job 4470 ("job4.sh") has been submitted



Dropout is --- 37

Random number for lr_decay --- 92

Setting alpha and beta to --- 49, 51
Activation num: 2

sqr_norm_lim --- 8
Starting job with batch size: 50, dropout: 37, conv_non_linear: tanh lr_decay: 92 in mode: concat on GPU: 1
Starting Model 3 with MODE concat
Your job 4471 ("job4.sh") has been submitted
