0.95



Dropout is --- 46

Random number for lr_decay --- 86

Setting alpha and beta to --- 36, 64
Activation num: 2

sqr_norm_lim --- 7
Starting job with batch size: 50, dropout: 46, conv_non_linear: relu lr_decay: 86 in mode: circ on GPU: 1
Starting Model 3 with MODE circ
Your job 5454 ("job4.sh") has been submitted



Dropout is --- 33

Random number for lr_decay --- 90

Setting alpha and beta to --- 45, 55
Activation num: 3

sqr_norm_lim --- 7
Starting job with batch size: 50, dropout: 33, conv_non_linear: relu lr_decay: 90 in mode: circ on GPU: 2
Starting Model 3 with MODE circ
Your job 5455 ("job4.sh") has been submitted



Dropout is --- 24

Random number for lr_decay --- 89

Setting alpha and beta to --- 38, 62
Activation num: 2

sqr_norm_lim --- 7
Starting job with batch size: 50, dropout: 24, conv_non_linear: relu lr_decay: 89 in mode: circ on GPU: 0
Starting Model 3 with MODE circ
Your job 5456 ("job4.sh") has been submitted



Dropout is --- 35

Random number for lr_decay --- 89

Setting alpha and beta to --- 45, 55
Activation num: 1

sqr_norm_lim --- 8
Starting job with batch size: 50, dropout: 35, conv_non_linear: relu lr_decay: 89 in mode: circ on GPU: 1
Starting Model 3 with MODE circ
Your job 5457 ("job4.sh") has been submitted



Dropout is --- 35

Random number for lr_decay --- 87

Setting alpha and beta to --- 38, 62
Activation num: 3

sqr_norm_lim --- 8
Starting job with batch size: 50, dropout: 35, conv_non_linear: relu lr_decay: 87 in mode: circ on GPU: 2
Starting Model 3 with MODE circ
Your job 5458 ("job4.sh") has been submitted



Dropout is --- 26

Random number for lr_decay --- 90

Setting alpha and beta to --- 33, 67
Activation num: 2

sqr_norm_lim --- 9
Starting job with batch size: 50, dropout: 26, conv_non_linear: relu lr_decay: 90 in mode: circ on GPU: 0
Starting Model 3 with MODE circ
Your job 5459 ("job4.sh") has been submitted



Dropout is --- 28

Random number for lr_decay --- 91

Setting alpha and beta to --- 37, 63
Activation num: 1

sqr_norm_lim --- 8
Starting job with batch size: 50, dropout: 28, conv_non_linear: relu lr_decay: 91 in mode: circ on GPU: 1
Starting Model 3 with MODE circ
Your job 5460 ("job4.sh") has been submitted



Dropout is --- 29

Random number for lr_decay --- 93

Setting alpha and beta to --- 40, 60
Activation num: 1

sqr_norm_lim --- 7
Starting job with batch size: 50, dropout: 29, conv_non_linear: relu lr_decay: 93 in mode: circ on GPU: 2
Starting Model 3 with MODE circ
Your job 5461 ("job4.sh") has been submitted



Dropout is --- 25

Random number for lr_decay --- 90

Setting alpha and beta to --- 39, 61
Activation num: 2

sqr_norm_lim --- 9
Starting job with batch size: 50, dropout: 25, conv_non_linear: relu lr_decay: 90 in mode: circ on GPU: 0
Starting Model 3 with MODE circ
Your job 5462 ("job4.sh") has been submitted



Dropout is --- 32

Random number for lr_decay --- 86

Setting alpha and beta to --- 34, 66
Activation num: 4

sqr_norm_lim --- 8
Starting job with batch size: 50, dropout: 32, conv_non_linear: relu lr_decay: 86 in mode: circ on GPU: 1
Starting Model 3 with MODE circ
Your job 5463 ("job4.sh") has been submitted
