0.95



Dropout is --- 48

Random number for lr_decay --- 91

Setting alpha and beta to --- 16, 184
Activation num: 2

sqr_norm_lim --- 9
Starting job with batch size: 50, dropout: 48, conv_non_linear: relu lr_decay: 91 in mode: add on GPU: 1
Starting Model 3 with MODE add
Your job 4340 ("job4.sh") has been submitted



Dropout is --- 28

Random number for lr_decay --- 88

Setting alpha and beta to --- 42, 158
Activation num: 2

sqr_norm_lim --- 8
Starting job with batch size: 50, dropout: 28, conv_non_linear: relu lr_decay: 88 in mode: add on GPU: 2
Starting Model 3 with MODE add
Your job 4341 ("job4.sh") has been submitted



Dropout is --- 25

Random number for lr_decay --- 88

Setting alpha and beta to --- 12, 188
Activation num: 2

sqr_norm_lim --- 9
Starting job with batch size: 50, dropout: 25, conv_non_linear: tanh lr_decay: 88 in mode: add on GPU: 0
Starting Model 3 with MODE add
Your job 4342 ("job4.sh") has been submitted



Dropout is --- 48

Random number for lr_decay --- 93

Setting alpha and beta to --- 23, 177
Activation num: 3

sqr_norm_lim --- 7
Starting job with batch size: 50, dropout: 48, conv_non_linear: relu lr_decay: 93 in mode: add on GPU: 1
Starting Model 3 with MODE add
Your job 4343 ("job4.sh") has been submitted



Dropout is --- 43

Random number for lr_decay --- 90

Setting alpha and beta to --- 47, 153
Activation num: 2

sqr_norm_lim --- 8
Starting job with batch size: 50, dropout: 43, conv_non_linear: relu lr_decay: 90 in mode: add on GPU: 2
Starting Model 3 with MODE add
Your job 4344 ("job4.sh") has been submitted



Dropout is --- 37

Random number for lr_decay --- 88

Setting alpha and beta to --- 28, 172
Activation num: 1

sqr_norm_lim --- 7
Starting job with batch size: 50, dropout: 37, conv_non_linear: relu lr_decay: 88 in mode: add on GPU: 0
Starting Model 3 with MODE add
Your job 4345 ("job4.sh") has been submitted



Dropout is --- 21

Random number for lr_decay --- 89

Setting alpha and beta to --- 16, 184
Activation num: 4

sqr_norm_lim --- 9
Starting job with batch size: 50, dropout: 21, conv_non_linear: tanh lr_decay: 89 in mode: add on GPU: 1
Starting Model 3 with MODE add
Your job 4346 ("job4.sh") has been submitted



Dropout is --- 25

Random number for lr_decay --- 93

Setting alpha and beta to --- 27, 173
Activation num: 1

sqr_norm_lim --- 9
Starting job with batch size: 50, dropout: 25, conv_non_linear: relu lr_decay: 93 in mode: add on GPU: 2
Starting Model 3 with MODE add
Your job 4347 ("job4.sh") has been submitted



Dropout is --- 37

Random number for lr_decay --- 87

Setting alpha and beta to --- 53, 147
Activation num: 3

sqr_norm_lim --- 9
Starting job with batch size: 50, dropout: 37, conv_non_linear: relu lr_decay: 87 in mode: add on GPU: 0
Starting Model 3 with MODE add
Your job 4348 ("job4.sh") has been submitted



Dropout is --- 24

Random number for lr_decay --- 89

Setting alpha and beta to --- 45, 155
Activation num: 2

sqr_norm_lim --- 8
Starting job with batch size: 50, dropout: 24, conv_non_linear: relu lr_decay: 89 in mode: add on GPU: 1
Starting Model 3 with MODE add
Your job 4349 ("job4.sh") has been submitted
