0.95



Dropout is --- 42

Random number for lr_decay --- 86

Setting alpha and beta to --- 33, 67
Activation num: 4

sqr_norm_lim --- 7
Starting job with batch size: 50, dropout: 42, conv_non_linear: relu lr_decay: 86 in mode: concat on GPU: 1
Starting Model 3 with MODE concat
Your job 4452 ("job4.sh") has been submitted



Dropout is --- 21

Random number for lr_decay --- 91

Setting alpha and beta to --- 39, 61
Activation num: 4

sqr_norm_lim --- 7
Starting job with batch size: 50, dropout: 21, conv_non_linear: relu lr_decay: 91 in mode: concat on GPU: 2
Starting Model 3 with MODE concat
Your job 4453 ("job4.sh") has been submitted



Dropout is --- 23

Random number for lr_decay --- 90

Setting alpha and beta to --- 44, 56
Activation num: 2

sqr_norm_lim --- 9
Starting job with batch size: 50, dropout: 23, conv_non_linear: tanh lr_decay: 90 in mode: concat on GPU: 0
Starting Model 3 with MODE concat
Your job 4454 ("job4.sh") has been submitted



Dropout is --- 32

Random number for lr_decay --- 92

Setting alpha and beta to --- 32, 68
Activation num: 3

sqr_norm_lim --- 7
Starting job with batch size: 50, dropout: 32, conv_non_linear: relu lr_decay: 92 in mode: concat on GPU: 1
Starting Model 3 with MODE concat
Your job 4455 ("job4.sh") has been submitted



Dropout is --- 28

Random number for lr_decay --- 93

Setting alpha and beta to --- 39, 61
Activation num: 3

sqr_norm_lim --- 8
Starting job with batch size: 50, dropout: 28, conv_non_linear: relu lr_decay: 93 in mode: concat on GPU: 2
Starting Model 3 with MODE concat
Your job 4456 ("job4.sh") has been submitted



Dropout is --- 25

Random number for lr_decay --- 88

Setting alpha and beta to --- 36, 64
Activation num: 1

sqr_norm_lim --- 8
Starting job with batch size: 50, dropout: 25, conv_non_linear: tanh lr_decay: 88 in mode: concat on GPU: 0
Starting Model 3 with MODE concat
Your job 4457 ("job4.sh") has been submitted



Dropout is --- 48

Random number for lr_decay --- 93

Setting alpha and beta to --- 47, 53
Activation num: 2

sqr_norm_lim --- 8
Starting job with batch size: 50, dropout: 48, conv_non_linear: tanh lr_decay: 93 in mode: concat on GPU: 1
Starting Model 3 with MODE concat
Your job 4458 ("job4.sh") has been submitted



Dropout is --- 36

Random number for lr_decay --- 89

Setting alpha and beta to --- 43, 57
Activation num: 4

sqr_norm_lim --- 8
Starting job with batch size: 50, dropout: 36, conv_non_linear: relu lr_decay: 89 in mode: add on GPU: 2
Starting Model 3 with MODE add
Your job 4459 ("job4.sh") has been submitted



Dropout is --- 22

Random number for lr_decay --- 92

Setting alpha and beta to --- 34, 66
Activation num: 1

sqr_norm_lim --- 7
Starting job with batch size: 50, dropout: 22, conv_non_linear: tanh lr_decay: 92 in mode: concat on GPU: 0
Starting Model 3 with MODE concat
Your job 4460 ("job4.sh") has been submitted



Dropout is --- 21

Random number for lr_decay --- 87

Setting alpha and beta to --- 42, 58
Activation num: 4

sqr_norm_lim --- 8
Starting job with batch size: 50, dropout: 21, conv_non_linear: tanh lr_decay: 87 in mode: add on GPU: 1
Starting Model 3 with MODE add
Your job 4461 ("job4.sh") has been submitted
