loading data... data loaded!
model architecture: CNN-static
using: GloVe  vectors
----------------------
        CNN 0       
----------------------
[('image shape', 89, 300), ('filter shape', [(100, 1, 3, 300), (100, 1, 4, 300), (100, 1, 5, 300)]), ('hidden_units', [100, 3]), ('dropout', [0.5]), ('batch_size', 50), ('non_static', False), ('learn_decay', 0.95), ('conv_non_linear', 'relu'), ('non_static', False), ('sqr_norm_lim', 9), ('shuffle_batch', True)]
... training
epoch: 1, training time: 316.94 secs, train perf: 33.39 %, val perf: 33.85 %
epoch: 2, training time: 314.38 secs, train perf: 33.38 %, val perf: 33.70 %
epoch: 3, training time: 316.64 secs, train perf: 33.39 %, val perf: 33.70 %
epoch: 4, training time: 312.67 secs, train perf: 33.34 %, val perf: 33.31 %
epoch: 5, training time: 314.46 secs, train perf: 33.34 %, val perf: 33.29 %
epoch: 6, training time: 312.14 secs, train perf: 33.43 %, val perf: 34.20 %
epoch: 7, training time: 313.73 secs, train perf: 33.34 %, val perf: 33.29 %
epoch: 8, training time: 313.80 secs, train perf: 33.44 %, val perf: 34.38 %
epoch: 9, training time: 315.75 secs, train perf: 33.34 %, val perf: 33.28 %
epoch: 10, training time: 314.54 secs, train perf: 33.34 %, val perf: 33.29 %
epoch: 11, training time: 314.61 secs, train perf: 33.34 %, val perf: 33.38 %
epoch: 12, training time: 315.60 secs, train perf: 33.35 %, val perf: 33.27 %
epoch: 13, training time: 312.52 secs, train perf: 33.44 %, val perf: 34.36 %
epoch: 14, training time: 316.03 secs, train perf: 33.23 %, val perf: 32.40 %
epoch: 15, training time: 313.45 secs, train perf: 33.44 %, val perf: 34.36 %
epoch: 16, training time: 316.74 secs, train perf: 33.34 %, val perf: 33.29 %
epoch: 17, training time: 313.53 secs, train perf: 33.44 %, val perf: 34.38 %
epoch: 18, training time: 315.11 secs, train perf: 33.44 %, val perf: 34.27 %
epoch: 19, training time: 311.75 secs, train perf: 33.22 %, val perf: 32.35 %
epoch: 20, training time: 314.61 secs, train perf: 33.22 %, val perf: 32.35 %
epoch: 21, training time: 313.05 secs, train perf: 33.24 %, val perf: 32.54 %
epoch: 22, training time: 312.62 secs, train perf: 33.44 %, val perf: 34.36 %
epoch: 23, training time: 315.77 secs, train perf: 33.22 %, val perf: 32.37 %
epoch: 24, training time: 313.04 secs, train perf: 33.44 %, val perf: 34.36 %
epoch: 25, training time: 316.24 secs, train perf: 33.34 %, val perf: 33.29 %
perf: 0.3413
0.3413
using: GloVe vectors
----------------------
        CNN 1       
----------------------
[('image shape', 89, 300), ('filter shape', [(100, 1, 3, 300), (100, 1, 4, 300), (100, 1, 5, 300)]), ('hidden_units', [100, 3]), ('dropout', [0.5]), ('batch_size', 50), ('non_static', False), ('learn_decay', 0.95), ('conv_non_linear', 'relu'), ('non_static', False), ('sqr_norm_lim', 9), ('shuffle_batch', True)]
... training
epoch: 1, training time: 312.20 secs, train perf: 64.43 %, val perf: 64.15 %
epoch: 2, training time: 312.03 secs, train perf: 65.56 %, val perf: 64.42 %
epoch: 3, training time: 316.16 secs, train perf: 66.59 %, val perf: 64.90 %
epoch: 4, training time: 312.44 secs, train perf: 66.55 %, val perf: 65.12 %
epoch: 5, training time: 316.23 secs, train perf: 67.30 %, val perf: 65.14 %
epoch: 6, training time: 312.65 secs, train perf: 68.22 %, val perf: 66.10 %
epoch: 7, training time: 316.56 secs, train perf: 68.47 %, val perf: 65.89 %
epoch: 8, training time: 312.89 secs, train perf: 68.95 %, val perf: 65.69 %
epoch: 9, training time: 315.94 secs, train perf: 69.07 %, val perf: 66.16 %
epoch: 10, training time: 312.38 secs, train perf: 69.29 %, val perf: 65.40 %
epoch: 11, training time: 314.85 secs, train perf: 69.85 %, val perf: 65.92 %
epoch: 12, training time: 312.48 secs, train perf: 70.08 %, val perf: 66.13 %
epoch: 13, training time: 311.37 secs, train perf: 70.32 %, val perf: 65.83 %
epoch: 14, training time: 315.67 secs, train perf: 70.64 %, val perf: 66.30 %
epoch: 15, training time: 312.92 secs, train perf: 70.87 %, val perf: 66.10 %
epoch: 16, training time: 316.85 secs, train perf: 71.07 %, val perf: 66.62 %
epoch: 17, training time: 312.26 secs, train perf: 71.23 %, val perf: 65.85 %
epoch: 18, training time: 316.22 secs, train perf: 71.48 %, val perf: 66.09 %
epoch: 19, training time: 311.75 secs, train perf: 71.49 %, val perf: 66.31 %
epoch: 20, training time: 313.58 secs, train perf: 71.69 %, val perf: 66.50 %
epoch: 21, training time: 311.28 secs, train perf: 72.06 %, val perf: 65.94 %
epoch: 22, training time: 314.03 secs, train perf: 72.01 %, val perf: 65.98 %
epoch: 23, training time: 311.63 secs, train perf: 71.95 %, val perf: 66.19 %
epoch: 24, training time: 311.20 secs, train perf: 72.47 %, val perf: 66.00 %
epoch: 25, training time: 314.31 secs, train perf: 72.59 %, val perf: 66.36 %
perf: 0.655
0.655
concatenating the two sentences
sentences concatenated.
Making pickles...
loading data... data loaded!
number of sentences: 550152
max sentence length: 600
dataset created!
